{"/Users/alisonthomson/Myproject/week_10/bank_tech_test_new_dir/bank.js": {"path":"/Users/alisonthomson/Myproject/week_10/bank_tech_test_new_dir/bank.js","statementMap":{"0":{"start":{"line":3,"column":4},"end":{"line":3,"column":31}},"1":{"start":{"line":4,"column":4},"end":{"line":4,"column":19}},"2":{"start":{"line":9,"column":4},"end":{"line":13,"column":5}},"3":{"start":{"line":10,"column":6},"end":{"line":10,"column":46}},"4":{"start":{"line":12,"column":6},"end":{"line":12,"column":53}},"5":{"start":{"line":18,"column":15},"end":{"line":18,"column":46}},"6":{"start":{"line":19,"column":17},"end":{"line":19,"column":52}},"7":{"start":{"line":20,"column":15},"end":{"line":20,"column":37}},"8":{"start":{"line":21,"column":4},"end":{"line":25,"column":5}},"9":{"start":{"line":22,"column":6},"end":{"line":22,"column":67}},"10":{"start":{"line":23,"column":11},"end":{"line":25,"column":5}},"11":{"start":{"line":24,"column":6},"end":{"line":24,"column":67}},"12":{"start":{"line":31,"column":15},"end":{"line":31,"column":37}},"13":{"start":{"line":32,"column":17},"end":{"line":32,"column":41}},"14":{"start":{"line":33,"column":4},"end":{"line":37,"column":5}},"15":{"start":{"line":34,"column":6},"end":{"line":34,"column":27}},"16":{"start":{"line":35,"column":11},"end":{"line":37,"column":5}},"17":{"start":{"line":36,"column":6},"end":{"line":36,"column":27}},"18":{"start":{"line":38,"column":4},"end":{"line":38,"column":22}},"19":{"start":{"line":43,"column":4},"end":{"line":45,"column":6}},"20":{"start":{"line":44,"column":16},"end":{"line":44,"column":31}},"21":{"start":{"line":46,"column":4},"end":{"line":46,"column":33}},"22":{"start":{"line":51,"column":25},"end":{"line":51,"column":27}},"23":{"start":{"line":52,"column":4},"end":{"line":56,"column":7}},"24":{"start":{"line":53,"column":23},"end":{"line":53,"column":53}},"25":{"start":{"line":54,"column":30},"end":{"line":54,"column":77}},"26":{"start":{"line":55,"column":6},"end":{"line":55,"column":45}},"27":{"start":{"line":57,"column":4},"end":{"line":57,"column":26}},"28":{"start":{"line":64,"column":4},"end":{"line":64,"column":27}},"29":{"start":{"line":65,"column":30},"end":{"line":65,"column":53}},"30":{"start":{"line":66,"column":4},"end":{"line":66,"column":70}},"31":{"start":{"line":67,"column":40},"end":{"line":67,"column":70}},"32":{"start":{"line":68,"column":4},"end":{"line":68,"column":41}},"33":{"start":{"line":72,"column":0},"end":{"line":72,"column":22}}},"fnMap":{"0":{"name":"(anonymous_0)","decl":{"start":{"line":2,"column":2},"end":{"line":2,"column":3}},"loc":{"start":{"line":2,"column":16},"end":{"line":5,"column":3}},"line":2},"1":{"name":"(anonymous_1)","decl":{"start":{"line":8,"column":2},"end":{"line":8,"column":3}},"loc":{"start":{"line":8,"column":30},"end":{"line":14,"column":3}},"line":8},"2":{"name":"(anonymous_2)","decl":{"start":{"line":17,"column":2},"end":{"line":17,"column":3}},"loc":{"start":{"line":17,"column":46},"end":{"line":26,"column":3}},"line":17},"3":{"name":"(anonymous_3)","decl":{"start":{"line":30,"column":2},"end":{"line":30,"column":3}},"loc":{"start":{"line":30,"column":34},"end":{"line":39,"column":3}},"line":30},"4":{"name":"(anonymous_4)","decl":{"start":{"line":42,"column":2},"end":{"line":42,"column":3}},"loc":{"start":{"line":42,"column":20},"end":{"line":47,"column":3}},"line":42},"5":{"name":"(anonymous_5)","decl":{"start":{"line":44,"column":6},"end":{"line":44,"column":7}},"loc":{"start":{"line":44,"column":16},"end":{"line":44,"column":31}},"line":44},"6":{"name":"(anonymous_6)","decl":{"start":{"line":50,"column":2},"end":{"line":50,"column":3}},"loc":{"start":{"line":50,"column":21},"end":{"line":58,"column":3}},"line":50},"7":{"name":"(anonymous_7)","decl":{"start":{"line":52,"column":34},"end":{"line":52,"column":35}},"loc":{"start":{"line":52,"column":51},"end":{"line":56,"column":5}},"line":52},"8":{"name":"(anonymous_8)","decl":{"start":{"line":63,"column":2},"end":{"line":63,"column":3}},"loc":{"start":{"line":63,"column":20},"end":{"line":69,"column":3}},"line":63}},"branchMap":{"0":{"loc":{"start":{"line":9,"column":4},"end":{"line":13,"column":5}},"type":"if","locations":[{"start":{"line":9,"column":4},"end":{"line":13,"column":5}},{"start":{"line":11,"column":11},"end":{"line":13,"column":5}}],"line":9},"1":{"loc":{"start":{"line":21,"column":4},"end":{"line":25,"column":5}},"type":"if","locations":[{"start":{"line":21,"column":4},"end":{"line":25,"column":5}},{"start":{"line":23,"column":11},"end":{"line":25,"column":5}}],"line":21},"2":{"loc":{"start":{"line":23,"column":11},"end":{"line":25,"column":5}},"type":"if","locations":[{"start":{"line":23,"column":11},"end":{"line":25,"column":5}},{"start":{},"end":{}}],"line":23},"3":{"loc":{"start":{"line":33,"column":4},"end":{"line":37,"column":5}},"type":"if","locations":[{"start":{"line":33,"column":4},"end":{"line":37,"column":5}},{"start":{"line":35,"column":11},"end":{"line":37,"column":5}}],"line":33},"4":{"loc":{"start":{"line":35,"column":11},"end":{"line":37,"column":5}},"type":"if","locations":[{"start":{"line":35,"column":11},"end":{"line":37,"column":5}},{"start":{},"end":{}}],"line":35}},"s":{"0":15,"1":15,"2":21,"3":18,"4":3,"5":13,"6":13,"7":13,"8":13,"9":8,"10":5,"11":5,"12":15,"13":15,"14":15,"15":9,"16":6,"17":6,"18":15,"19":7,"20":4,"21":7,"22":7,"23":7,"24":11,"25":11,"26":11,"27":7,"28":5,"29":5,"30":5,"31":5,"32":5,"33":2},"f":{"0":15,"1":21,"2":13,"3":15,"4":7,"5":4,"6":7,"7":11,"8":5},"b":{"0":[18,3],"1":[8,5],"2":[5,0],"3":[9,6],"4":[6,0]},"_coverageSchema":"1a1c01bbd47fc00a2c39e90264f33305004495a9","hash":"3e9614e774027758b5c1615d49fdd5b24bfd957d"}
,"/Users/alisonthomson/Myproject/week_10/bank_tech_test_new_dir/transaction.js": {"path":"/Users/alisonthomson/Myproject/week_10/bank_tech_test_new_dir/transaction.js","statementMap":{"0":{"start":{"line":3,"column":4},"end":{"line":3,"column":20}},"1":{"start":{"line":4,"column":4},"end":{"line":4,"column":21}},"2":{"start":{"line":5,"column":4},"end":{"line":5,"column":21}},"3":{"start":{"line":6,"column":4},"end":{"line":6,"column":30}},"4":{"start":{"line":11,"column":18},"end":{"line":11,"column":43}},"5":{"start":{"line":12,"column":4},"end":{"line":12,"column":30}},"6":{"start":{"line":16,"column":4},"end":{"line":20,"column":5}},"7":{"start":{"line":17,"column":6},"end":{"line":17,"column":28}},"8":{"start":{"line":19,"column":6},"end":{"line":19,"column":75}},"9":{"start":{"line":24,"column":20},"end":{"line":24,"column":30}},"10":{"start":{"line":25,"column":4},"end":{"line":25,"column":24}},"11":{"start":{"line":26,"column":4},"end":{"line":26,"column":19}},"12":{"start":{"line":31,"column":23},"end":{"line":31,"column":37}},"13":{"start":{"line":32,"column":16},"end":{"line":32,"column":36}},"14":{"start":{"line":33,"column":18},"end":{"line":33,"column":39}},"15":{"start":{"line":34,"column":17},"end":{"line":34,"column":41}},"16":{"start":{"line":35,"column":24},"end":{"line":35,"column":60}},"17":{"start":{"line":36,"column":4},"end":{"line":36,"column":39}},"18":{"start":{"line":37,"column":4},"end":{"line":37,"column":25}},"19":{"start":{"line":41,"column":4},"end":{"line":45,"column":5}},"20":{"start":{"line":42,"column":6},"end":{"line":42,"column":23}},"21":{"start":{"line":44,"column":6},"end":{"line":44,"column":49}},"22":{"start":{"line":49,"column":0},"end":{"line":49,"column":29}}},"fnMap":{"0":{"name":"(anonymous_0)","decl":{"start":{"line":2,"column":2},"end":{"line":2,"column":3}},"loc":{"start":{"line":2,"column":22},"end":{"line":7,"column":3}},"line":2},"1":{"name":"(anonymous_1)","decl":{"start":{"line":10,"column":2},"end":{"line":10,"column":3}},"loc":{"start":{"line":10,"column":24},"end":{"line":13,"column":3}},"line":10},"2":{"name":"(anonymous_2)","decl":{"start":{"line":15,"column":2},"end":{"line":15,"column":3}},"loc":{"start":{"line":15,"column":20},"end":{"line":21,"column":3}},"line":15},"3":{"name":"(anonymous_3)","decl":{"start":{"line":23,"column":2},"end":{"line":23,"column":3}},"loc":{"start":{"line":23,"column":12},"end":{"line":27,"column":3}},"line":23},"4":{"name":"(anonymous_4)","decl":{"start":{"line":30,"column":2},"end":{"line":30,"column":3}},"loc":{"start":{"line":30,"column":15},"end":{"line":38,"column":3}},"line":30},"5":{"name":"(anonymous_5)","decl":{"start":{"line":40,"column":2},"end":{"line":40,"column":3}},"loc":{"start":{"line":40,"column":16},"end":{"line":46,"column":3}},"line":40}},"branchMap":{"0":{"loc":{"start":{"line":16,"column":4},"end":{"line":20,"column":5}},"type":"if","locations":[{"start":{"line":16,"column":4},"end":{"line":20,"column":5}},{"start":{"line":18,"column":11},"end":{"line":20,"column":5}}],"line":16},"1":{"loc":{"start":{"line":16,"column":8},"end":{"line":16,"column":64}},"type":"binary-expr","locations":[{"start":{"line":16,"column":8},"end":{"line":16,"column":34}},{"start":{"line":16,"column":38},"end":{"line":16,"column":64}}],"line":16},"2":{"loc":{"start":{"line":41,"column":4},"end":{"line":45,"column":5}},"type":"if","locations":[{"start":{"line":41,"column":4},"end":{"line":45,"column":5}},{"start":{"line":43,"column":11},"end":{"line":45,"column":5}}],"line":41},"3":{"loc":{"start":{"line":41,"column":8},"end":{"line":41,"column":45}},"type":"binary-expr","locations":[{"start":{"line":41,"column":8},"end":{"line":41,"column":25}},{"start":{"line":41,"column":29},"end":{"line":41,"column":45}}],"line":41}},"s":{"0":11,"1":11,"2":11,"3":11,"4":13,"5":13,"6":10,"7":6,"8":4,"9":11,"10":11,"11":11,"12":5,"13":5,"14":5,"15":5,"16":5,"17":5,"18":5,"19":9,"20":6,"21":3,"22":2},"f":{"0":11,"1":13,"2":10,"3":11,"4":5,"5":9},"b":{"0":[6,4],"1":[10,7],"2":[6,3],"3":[9,5]},"_coverageSchema":"1a1c01bbd47fc00a2c39e90264f33305004495a9","hash":"40fcfa6232786b7bf5db52050a43a133bacd9645"}
}
