TN:
SF:bank.js
FN:2,(anonymous_0)
FN:8,(anonymous_1)
FN:17,(anonymous_2)
FN:30,(anonymous_3)
FN:42,(anonymous_4)
FN:44,(anonymous_5)
FN:50,(anonymous_6)
FN:52,(anonymous_7)
FN:63,(anonymous_8)
FNF:9
FNH:9
FNDA:15,(anonymous_0)
FNDA:21,(anonymous_1)
FNDA:13,(anonymous_2)
FNDA:15,(anonymous_3)
FNDA:7,(anonymous_4)
FNDA:4,(anonymous_5)
FNDA:7,(anonymous_6)
FNDA:11,(anonymous_7)
FNDA:5,(anonymous_8)
DA:3,15
DA:4,15
DA:9,21
DA:10,18
DA:12,3
DA:18,13
DA:19,13
DA:20,13
DA:21,13
DA:22,8
DA:23,5
DA:24,5
DA:31,15
DA:32,15
DA:33,15
DA:34,9
DA:35,6
DA:36,6
DA:38,15
DA:43,7
DA:44,4
DA:46,7
DA:51,7
DA:52,7
DA:53,11
DA:54,11
DA:55,11
DA:57,7
DA:64,5
DA:65,5
DA:66,5
DA:67,5
DA:68,5
DA:72,2
LF:34
LH:34
BRDA:9,0,0,18
BRDA:9,0,1,3
BRDA:21,1,0,8
BRDA:21,1,1,5
BRDA:23,2,0,5
BRDA:23,2,1,0
BRDA:33,3,0,9
BRDA:33,3,1,6
BRDA:35,4,0,6
BRDA:35,4,1,0
BRF:10
BRH:8
end_of_record
TN:
SF:transaction.js
FN:2,(anonymous_0)
FN:10,(anonymous_1)
FN:15,(anonymous_2)
FN:23,(anonymous_3)
FN:30,(anonymous_4)
FN:40,(anonymous_5)
FNF:6
FNH:6
FNDA:11,(anonymous_0)
FNDA:13,(anonymous_1)
FNDA:10,(anonymous_2)
FNDA:11,(anonymous_3)
FNDA:5,(anonymous_4)
FNDA:9,(anonymous_5)
DA:3,11
DA:4,11
DA:5,11
DA:6,11
DA:11,13
DA:12,13
DA:16,10
DA:17,6
DA:19,4
DA:24,11
DA:25,11
DA:26,11
DA:31,5
DA:32,5
DA:33,5
DA:34,5
DA:35,5
DA:36,5
DA:37,5
DA:41,9
DA:42,6
DA:44,3
DA:49,2
LF:23
LH:23
BRDA:16,0,0,6
BRDA:16,0,1,4
BRDA:16,1,0,10
BRDA:16,1,1,7
BRDA:41,2,0,6
BRDA:41,2,1,3
BRDA:41,3,0,9
BRDA:41,3,1,5
BRF:8
BRH:8
end_of_record
