TN:
SF:bank.js
FN:2,(anonymous_0)
FN:8,(anonymous_1)
FN:17,(anonymous_2)
FN:32,(anonymous_3)
FN:46,(anonymous_4)
FN:48,(anonymous_5)
FN:54,(anonymous_6)
FN:56,(anonymous_7)
FN:67,(anonymous_8)
FNF:9
FNH:9
FNDA:14,(anonymous_0)
FNDA:18,(anonymous_1)
FNDA:13,(anonymous_2)
FNDA:15,(anonymous_3)
FNDA:7,(anonymous_4)
FNDA:4,(anonymous_5)
FNDA:7,(anonymous_6)
FNDA:11,(anonymous_7)
FNDA:5,(anonymous_8)
DA:3,14
DA:4,14
DA:9,18
DA:10,18
DA:12,0
DA:18,13
DA:19,13
DA:20,13
DA:21,13
DA:22,8
DA:23,5
DA:24,5
DA:26,0
DA:33,15
DA:34,15
DA:35,15
DA:36,9
DA:37,6
DA:38,6
DA:40,0
DA:42,15
DA:47,7
DA:48,4
DA:50,7
DA:55,7
DA:56,7
DA:57,11
DA:58,11
DA:59,11
DA:61,7
DA:68,5
DA:69,5
DA:70,5
DA:71,5
DA:72,5
DA:73,5
DA:77,2
LF:37
LH:34
BRDA:9,0,0,18
BRDA:9,0,1,0
BRDA:21,1,0,8
BRDA:21,1,1,5
BRDA:23,2,0,5
BRDA:23,2,1,0
BRDA:35,3,0,9
BRDA:35,3,1,6
BRDA:37,4,0,6
BRDA:37,4,1,0
BRF:10
BRH:7
end_of_record
TN:
SF:transaction.js
FN:2,(anonymous_0)
FN:10,(anonymous_1)
FN:15,(anonymous_2)
FN:23,(anonymous_3)
FN:30,(anonymous_4)
FN:40,(anonymous_5)
FNF:6
FNH:6
FNDA:9,(anonymous_0)
FNDA:11,(anonymous_1)
FNDA:5,(anonymous_2)
FNDA:11,(anonymous_3)
FNDA:5,(anonymous_4)
FNDA:6,(anonymous_5)
DA:3,9
DA:4,9
DA:5,9
DA:6,9
DA:11,11
DA:12,11
DA:16,5
DA:17,5
DA:19,0
DA:24,11
DA:25,11
DA:26,11
DA:31,5
DA:32,5
DA:33,5
DA:34,5
DA:35,5
DA:36,5
DA:37,5
DA:41,6
DA:42,6
DA:44,0
DA:49,2
LF:23
LH:21
BRDA:16,0,0,5
BRDA:16,0,1,0
BRDA:16,1,0,5
BRDA:16,1,1,5
BRDA:41,2,0,6
BRDA:41,2,1,0
BRDA:41,3,0,6
BRDA:41,3,1,2
BRF:8
BRH:6
end_of_record
